<?xml version="1.0" encoding="UTF-8"?>
<testng-results skipped="0" failed="0" ignored="0" total="1" passed="1">
  <reporter-output>
  </reporter-output>
  <suite name="Default suite" duration-ms="77205" started-at="2019-07-09T08:43:11Z" finished-at="2019-07-09T08:44:28Z">
    <groups>
    </groups>
    <test name="Default test" duration-ms="77205" started-at="2019-07-09T08:43:11Z" finished-at="2019-07-09T08:44:28Z">
      <class name="com.training.regression.tests.MailSendTest">
        <test-method status="PASS" signature="setUpBeforeClass()[pri:0, instance:com.training.regression.tests.MailSendTest@29ee9faa]" name="setUpBeforeClass" is-config="true" duration-ms="50" started-at="2019-07-09T14:13:11Z" finished-at="2019-07-09T14:13:11Z">
          <reporter-output>
          </reporter-output>
        </test-method> <!-- setUpBeforeClass -->
        <test-method status="PASS" signature="setUp()[pri:0, instance:com.training.regression.tests.MailSendTest@29ee9faa]" name="setUp" is-config="true" duration-ms="24492" started-at="2019-07-09T14:13:12Z" finished-at="2019-07-09T14:13:37Z">
          <reporter-output>
          </reporter-output>
        </test-method> <!-- setUp -->
        <test-method status="PASS" signature="loginDBTest(java.lang.String, java.lang.String, java.lang.String, java.lang.String, java.lang.String)[pri:0, instance:com.training.regression.tests.MailSendTest@29ee9faa]" name="loginDBTest" duration-ms="40592" started-at="2019-07-09T14:13:37Z" data-provider="excel-inputs" finished-at="2019-07-09T14:14:17Z">
          <params>
            <param index="0">
              <value>
                <![CDATA[my launch]]>
              </value>
            </param>
            <param index="1">
              <value>
                <![CDATA[Meena]]>
              </value>
            </param>
            <param index="2">
              <value>
                <![CDATA[meena@gmail.com]]>
              </value>
            </param>
            <param index="3">
              <value>
                <![CDATA[my launch mail]]>
              </value>
            </param>
            <param index="4">
              <value>
                <![CDATA[sending a mail for new launch category]]>
              </value>
            </param>
          </params>
          <reporter-output>
          </reporter-output>
        </test-method> <!-- loginDBTest -->
        <test-method status="PASS" signature="tearDown()[pri:0, instance:com.training.regression.tests.MailSendTest@29ee9faa]" name="tearDown" is-config="true" duration-ms="10408" started-at="2019-07-09T14:14:17Z" finished-at="2019-07-09T14:14:28Z">
          <reporter-output>
          </reporter-output>
        </test-method> <!-- tearDown -->
      </class> <!-- com.training.regression.tests.MailSendTest -->
    </test> <!-- Default test -->
  </suite> <!-- Default suite -->
</testng-results>
